<?xml version="1.0" encoding="UTF-8"?>
<testng-results skipped="0" failed="0" ignored="0" total="3" passed="3">
  <reporter-output>
  </reporter-output>
  <suite name="StepperFormSuite" duration-ms="40860" started-at="2020-07-21T06:17:45Z" finished-at="2020-07-21T06:18:26Z">
    <groups>
    </groups>
    <test name="LoginTest" duration-ms="18743" started-at="2020-07-21T06:17:45Z" finished-at="2020-07-21T06:18:04Z">
      <class name="com.stepperform.testcases.LoginPageTest">
        <test-method status="PASS" signature="setup(java.lang.String, java.lang.String)[pri:0, instance:com.stepperform.testcases.LoginPageTest@2a7ba346]" name="setup" is-config="true" duration-ms="5738" started-at="2020-07-21T06:17:45Z" finished-at="2020-07-21T06:17:51Z">
          <params>
            <param index="0">
              <value>
                <![CDATA[Chrome]]>
              </value>
            </param>
            <param index="1">
              <value>
                <![CDATA[http://localhost:3001]]>
              </value>
            </param>
          </params>
          <reporter-output>
          </reporter-output>
        </test-method> <!-- setup -->
        <test-method status="PASS" signature="loginInvlaid()[pri:1, instance:com.stepperform.testcases.LoginPageTest@2a7ba346]" name="loginInvlaid" duration-ms="1068" started-at="2020-07-21T06:17:51Z" finished-at="2020-07-21T06:17:52Z">
          <reporter-output>
          </reporter-output>
        </test-method> <!-- loginInvlaid -->
        <test-method status="PASS" signature="tearDown()[pri:0, instance:com.stepperform.testcases.LoginPageTest@2a7ba346]" name="tearDown" is-config="true" duration-ms="774" started-at="2020-07-21T06:17:52Z" finished-at="2020-07-21T06:17:53Z">
          <reporter-output>
          </reporter-output>
        </test-method> <!-- tearDown -->
        <test-method status="PASS" signature="setup(java.lang.String, java.lang.String)[pri:0, instance:com.stepperform.testcases.LoginPageTest@2a7ba346]" name="setup" is-config="true" duration-ms="5331" started-at="2020-07-21T06:17:53Z" finished-at="2020-07-21T06:17:58Z">
          <params>
            <param index="0">
              <value>
                <![CDATA[Chrome]]>
              </value>
            </param>
            <param index="1">
              <value>
                <![CDATA[http://localhost:3001]]>
              </value>
            </param>
          </params>
          <reporter-output>
          </reporter-output>
        </test-method> <!-- setup -->
        <test-method status="PASS" signature="login()[pri:2, instance:com.stepperform.testcases.LoginPageTest@2a7ba346]" name="login" duration-ms="5180" started-at="2020-07-21T06:17:58Z" finished-at="2020-07-21T06:18:03Z">
          <reporter-output>
          </reporter-output>
        </test-method> <!-- login -->
        <test-method status="PASS" signature="tearDown()[pri:0, instance:com.stepperform.testcases.LoginPageTest@2a7ba346]" name="tearDown" is-config="true" duration-ms="630" started-at="2020-07-21T06:18:03Z" finished-at="2020-07-21T06:18:04Z">
          <reporter-output>
          </reporter-output>
        </test-method> <!-- tearDown -->
      </class> <!-- com.stepperform.testcases.LoginPageTest -->
    </test> <!-- LoginTest -->
    <test name="VehicleInfoTest" duration-ms="22091" started-at="2020-07-21T06:18:04Z" finished-at="2020-07-21T06:18:26Z">
      <class name="com.stepperform.testcases.VehicleInfoTest">
        <test-method status="PASS" signature="setup(java.lang.String, java.lang.String)[pri:0, instance:com.stepperform.testcases.VehicleInfoTest@79caeb51]" name="setup" is-config="true" duration-ms="5206" started-at="2020-07-21T06:18:04Z" finished-at="2020-07-21T06:18:09Z">
          <params>
            <param index="0">
              <value>
                <![CDATA[Chrome]]>
              </value>
            </param>
            <param index="1">
              <value>
                <![CDATA[http://localhost:3001]]>
              </value>
            </param>
          </params>
          <reporter-output>
          </reporter-output>
        </test-method> <!-- setup -->
        <test-method status="PASS" signature="vehicleInfoValid()[pri:0, instance:com.stepperform.testcases.VehicleInfoTest@79caeb51]" name="vehicleInfoValid" duration-ms="16260" started-at="2020-07-21T06:18:09Z" finished-at="2020-07-21T06:18:26Z">
          <reporter-output>
          </reporter-output>
        </test-method> <!-- vehicleInfoValid -->
        <test-method status="PASS" signature="tearDown()[pri:0, instance:com.stepperform.testcases.VehicleInfoTest@79caeb51]" name="tearDown" is-config="true" duration-ms="614" started-at="2020-07-21T06:18:26Z" finished-at="2020-07-21T06:18:26Z">
          <reporter-output>
          </reporter-output>
        </test-method> <!-- tearDown -->
      </class> <!-- com.stepperform.testcases.VehicleInfoTest -->
    </test> <!-- VehicleInfoTest -->
  </suite> <!-- StepperFormSuite -->
</testng-results>
